[AssignApp | INFO] Copying /Users/millergd/Desktop/MADS/mads_courses/mads_demo_course/workspace_files/assigntments/source/./assignment1/assets/jupyter.png -> /Users/millergd/Desktop/MADS/mads_courses/mads_demo_course/workspace_files/assigntments/release/./assignment1/assets/jupyter.png
[AssignApp | INFO] Updating/creating assignment 'assignment1': {}
[AssignApp | INFO] Converting notebook /Users/millergd/Desktop/MADS/mads_courses/mads_demo_course/workspace_files/assigntments/source/./assignment1/assignment1.ipynb
[AssignApp | INFO] Writing 7200 bytes to /Users/millergd/Desktop/MADS/mads_courses/mads_demo_course/workspace_files/assigntments/release/./assignment1/assignment1.ipynb
[AssignApp | INFO] Setting destination file permissions to 644
[AssignApp | INFO] Copying /Users/millergd/Desktop/MADS/mads_courses/mads_demo_course/workspace_files/assigntments/source/./assignment2/assets/jupyter.png -> /Users/millergd/Desktop/MADS/mads_courses/mads_demo_course/workspace_files/assigntments/release/./assignment2/assets/jupyter.png
[AssignApp | INFO] Updating/creating assignment 'assignment2': {}
[AssignApp | INFO] Converting notebook /Users/millergd/Desktop/MADS/mads_courses/mads_demo_course/workspace_files/assigntments/source/./assignment2/assignment2.ipynb
[AssignApp | INFO] Writing 7200 bytes to /Users/millergd/Desktop/MADS/mads_courses/mads_demo_course/workspace_files/assigntments/release/./assignment2/assignment2.ipynb
[AssignApp | INFO] Setting destination file permissions to 644
[AutogradeApp | INFO] Copying /Users/millergd/Desktop/MADS/mads_courses/mads_demo_course/workspace_files/assigntments/submitted/test_case_1/assignment1/assets/jupyter.png -> /Users/millergd/Desktop/MADS/mads_courses/mads_demo_course/workspace_files/assigntments/autograded/test_case_1/assignment1/assets/jupyter.png
[AutogradeApp | INFO] Creating/updating student with ID 'test_case_1': {}
[AutogradeApp | INFO] Overwriting files with master versions from the source directory
[AutogradeApp | INFO] Copying /Users/millergd/Desktop/MADS/mads_courses/mads_demo_course/workspace_files/assigntments/source/./assignment1/assets/jupyter.png -> /Users/millergd/Desktop/MADS/mads_courses/mads_demo_course/workspace_files/assigntments/autograded/test_case_1/assignment1/assets/jupyter.png
[AutogradeApp | INFO] Sanitizing /Users/millergd/Desktop/MADS/mads_courses/mads_demo_course/workspace_files/assigntments/submitted/test_case_1/assignment1/assignment1.ipynb
[AutogradeApp | INFO] Converting notebook /Users/millergd/Desktop/MADS/mads_courses/mads_demo_course/workspace_files/assigntments/submitted/test_case_1/assignment1/assignment1.ipynb
[AutogradeApp | WARNING] Attribute 'checksum' for cell jupyter has changed! (should be: 54357180eb986d05b0af250338fed58d, got: 535c21960d4663d5edac398cb445d087)
[AutogradeApp | WARNING] Attribute 'checksum' for cell correct_sum_of_squares has changed! (should be: 0a0e6635827b459040cd1f52b7b5c8ae, got: 76ea0bb1892bb7e44dd6689ce8d6a8d8)
[AutogradeApp | INFO] Writing 7460 bytes to /Users/millergd/Desktop/MADS/mads_courses/mads_demo_course/workspace_files/assigntments/autograded/test_case_1/assignment1/assignment1.ipynb
[AutogradeApp | INFO] Autograding /Users/millergd/Desktop/MADS/mads_courses/mads_demo_course/workspace_files/assigntments/autograded/test_case_1/assignment1/assignment1.ipynb
[AutogradeApp | INFO] Converting notebook /Users/millergd/Desktop/MADS/mads_courses/mads_demo_course/workspace_files/assigntments/autograded/test_case_1/assignment1/assignment1.ipynb
[AutogradeApp | INFO] Executing notebook with kernel: python3
[AutogradeApp | INFO] Writing 13079 bytes to /Users/millergd/Desktop/MADS/mads_courses/mads_demo_course/workspace_files/assigntments/autograded/test_case_1/assignment1/assignment1.ipynb
[AutogradeApp | INFO] Setting destination file permissions to 444
[ValidateApp | INFO] Validating '/Users/millergd/Desktop/MADS/mads_courses/mads_demo_course/workspace_files/assigntments/autograded/test_case_1/assignment1/assignment1.ipynb'
[ValidateApp | INFO] Executing notebook with kernel: python3
[ExportApp | INFO] Using exporter: CsvExportPlugin
[ExportApp | INFO] Exporting grades to grades.csv
[AssignApp | WARNING] Removing existing assignment: /home/jovyan/mads_demo_course/workspace_files/assignments/release/assignment1
[AssignApp | INFO] Copying /home/jovyan/mads_demo_course/workspace_files/assignments/source/./assignment1/assets/jupyter.png -> /home/jovyan/mads_demo_course/workspace_files/assignments/release/./assignment1/assets/jupyter.png
[AssignApp | INFO] Updating/creating assignment 'assignment1': {}
[AssignApp | INFO] Converting notebook /home/jovyan/mads_demo_course/workspace_files/assignments/source/./assignment1/assignment1.ipynb
[AssignApp | ERROR] There was an error processing assignment: /home/jovyan/mads_demo_course/workspace_files/assignments/source/./assignment1
[AssignApp | ERROR] Traceback (most recent call last):
      File "/opt/conda/lib/python3.7/site-packages/nbgrader/converters/base.py", line 293, in convert_notebooks
        self.convert_single_notebook(notebook_filename)
      File "/opt/conda/lib/python3.7/site-packages/nbgrader/converters/base.py", line 249, in convert_single_notebook
        output, resources = self.exporter.from_filename(notebook_filename, resources=resources)
      File "/opt/conda/lib/python3.7/site-packages/nbconvert/exporters/exporter.py", line 178, in from_filename
        return self.from_file(f, resources=resources, **kw)
      File "/opt/conda/lib/python3.7/site-packages/nbconvert/exporters/exporter.py", line 196, in from_file
        return self.from_notebook_node(nbformat.read(file_stream, as_version=4), resources=resources, **kw)
      File "/opt/conda/lib/python3.7/site-packages/nbconvert/exporters/notebook.py", line 32, in from_notebook_node
        nb_copy, resources = super(NotebookExporter, self).from_notebook_node(nb, resources, **kw)
      File "/opt/conda/lib/python3.7/site-packages/nbconvert/exporters/exporter.py", line 138, in from_notebook_node
        nb_copy, resources = self._preprocess(nb_copy, resources)
      File "/opt/conda/lib/python3.7/site-packages/nbconvert/exporters/exporter.py", line 315, in _preprocess
        nbc, resc = preprocessor(nbc, resc)
      File "/opt/conda/lib/python3.7/site-packages/nbconvert/preprocessors/base.py", line 47, in __call__
        return self.preprocess(nb, resources)
      File "/opt/conda/lib/python3.7/site-packages/nbgrader/preprocessors/savecells.py", line 87, in preprocess
        self._create_notebook(nb)
      File "/opt/conda/lib/python3.7/site-packages/nbgrader/preprocessors/savecells.py", line 32, in _create_notebook
        "are submissions associated with it" % self.notebook_id)
    RuntimeError: Cannot add or remove cells for notebook 'assignment1' because there are submissions associated with it
    
[AssignApp | WARNING] Removing failed assignment: /home/jovyan/mads_demo_course/workspace_files/assignments/release/assignment1
[AssignApp | ERROR] There was an error processing assignment 'assignment1' for student '.'
[AssignApp | ERROR] Please see the error log (.nbgrader.log) for details on the specific errors on the above failures.
[AssignApp | INFO] Copying /home/jovyan/mads_demo_course/workspace_files/assignments/source/./assignment1/assets/jupyter.png -> /home/jovyan/mads_demo_course/workspace_files/assignments/release/./assignment1/assets/jupyter.png
[AssignApp | INFO] Updating/creating assignment 'assignment1': {}
[AssignApp | INFO] Converting notebook /home/jovyan/mads_demo_course/workspace_files/assignments/source/./assignment1/assignment1.ipynb
[AssignApp | INFO] Writing 8978 bytes to /home/jovyan/mads_demo_course/workspace_files/assignments/release/./assignment1/assignment1.ipynb
[AssignApp | INFO] Setting destination file permissions to 644
[AutogradeApp | INFO] Creating/updating student with ID 'test_case_1': {}
[AutogradeApp | INFO] Overwriting files with master versions from the source directory
[AutogradeApp | INFO] Copying /home/jovyan/mads_demo_course/workspace_files/assignments/source/./assignment1/assets/jupyter.png -> /home/jovyan/mads_demo_course/workspace_files/assignments/autograded/test_case_1/assignment1/assets/jupyter.png
[AutogradeApp | INFO] Sanitizing /home/jovyan/mads_demo_course/workspace_files/assignments/submitted/test_case_1/assignment1/assignment1.ipynb
[AutogradeApp | INFO] Converting notebook /home/jovyan/mads_demo_course/workspace_files/assignments/submitted/test_case_1/assignment1/assignment1.ipynb
[AutogradeApp | WARNING] Attribute 'checksum' for cell correct_sum_of_squares has changed! (should be: 0a0e6635827b459040cd1f52b7b5c8ae, got: 76ea0bb1892bb7e44dd6689ce8d6a8d8)
[AutogradeApp | INFO] Writing 9113 bytes to /home/jovyan/mads_demo_course/workspace_files/assignments/autograded/test_case_1/assignment1/assignment1.ipynb
[AutogradeApp | INFO] Autograding /home/jovyan/mads_demo_course/workspace_files/assignments/autograded/test_case_1/assignment1/assignment1.ipynb
[AutogradeApp | INFO] Converting notebook /home/jovyan/mads_demo_course/workspace_files/assignments/autograded/test_case_1/assignment1/assignment1.ipynb
[AutogradeApp | INFO] Executing notebook with kernel: python3
[AutogradeApp | INFO] Writing 9453 bytes to /home/jovyan/mads_demo_course/workspace_files/assignments/autograded/test_case_1/assignment1/assignment1.ipynb
[AutogradeApp | INFO] Setting destination file permissions to 444
[ValidateApp | INFO] Validating '/home/jovyan/mads_demo_course/workspace_files/assignments/autograded/test_case_1/assignment1/assignment1.ipynb'
[ValidateApp | INFO] Executing notebook with kernel: python3
[ExportApp | INFO] Using exporter: CsvExportPlugin
[ExportApp | INFO] Exporting grades to grades.csv
[ReleaseApp | WARNING] Creating exchange directory: /srv/nbgrader/exchange
[ReleaseApp | CRITICAL] Could not create /srv/nbgrader/exchange, permission denied.
[ReleaseApp | ERROR] nbgrader release failed
[ReleaseApp | CRITICAL] Bad config encountered during initialization:
[ReleaseApp | CRITICAL] Unrecognized flag: '--create'
[AssignApp | WARNING] Removing existing assignment: /home/jovyan/mads_demo_course/workspace_files/assignments/release/assignment2
[AssignApp | INFO] Copying /home/jovyan/mads_demo_course/workspace_files/assignments/source/./assignment2/assets/jupyter.png -> /home/jovyan/mads_demo_course/workspace_files/assignments/release/./assignment2/assets/jupyter.png
[AssignApp | INFO] Updating/creating assignment 'assignment2': {}
[AssignApp | INFO] Converting notebook /home/jovyan/mads_demo_course/workspace_files/assignments/source/./assignment2/assignment2.ipynb
[AssignApp | INFO] Writing 7200 bytes to /home/jovyan/mads_demo_course/workspace_files/assignments/release/./assignment2/assignment2.ipynb
[AssignApp | INFO] Setting destination file permissions to 644
[AssignApp | INFO] Copying /Users/millergd/Desktop/MADS/mads_courses/mads_demo_course/workspace_files/assignments/source/./assignment1/assets/jupyter.png -> /Users/millergd/Desktop/MADS/mads_courses/mads_demo_course/workspace_files/assignments/release/./assignment1/assets/jupyter.png
[AssignApp | INFO] Updating/creating assignment 'assignment1': {}
[AssignApp | INFO] Converting notebook /Users/millergd/Desktop/MADS/mads_courses/mads_demo_course/workspace_files/assignments/source/./assignment1/assignment1.ipynb
[AssignApp | INFO] Writing 8847 bytes to /Users/millergd/Desktop/MADS/mads_courses/mads_demo_course/workspace_files/assignments/release/./assignment1/assignment1.ipynb
[AssignApp | INFO] Setting destination file permissions to 644
[AssignApp | INFO] Copying /Users/millergd/Desktop/MADS/mads_courses/mads_demo_course/workspace_files/assignments/source/./assignment2/assets/jupyter.png -> /Users/millergd/Desktop/MADS/mads_courses/mads_demo_course/workspace_files/assignments/release/./assignment2/assets/jupyter.png
[AssignApp | INFO] Updating/creating assignment 'assignment2': {}
[AssignApp | INFO] Converting notebook /Users/millergd/Desktop/MADS/mads_courses/mads_demo_course/workspace_files/assignments/source/./assignment2/assignment2.ipynb
[AssignApp | INFO] Writing 7200 bytes to /Users/millergd/Desktop/MADS/mads_courses/mads_demo_course/workspace_files/assignments/release/./assignment2/assignment2.ipynb
[AssignApp | INFO] Setting destination file permissions to 644
[AssignApp | INFO] Copying /Users/millergd/Desktop/MADS/mads_courses/mads_demo_course/workspace_files/assignments/source/./assignment1/assets/jupyter.png -> /Users/millergd/Desktop/MADS/mads_courses/mads_demo_course/workspace_files/assignments/release/./assignment1/assets/jupyter.png
[AssignApp | INFO] Updating/creating assignment 'assignment1': {}
[AssignApp | INFO] Converting notebook /Users/millergd/Desktop/MADS/mads_courses/mads_demo_course/workspace_files/assignments/source/./assignment1/assignment1.ipynb
[AssignApp | INFO] Writing 8847 bytes to /Users/millergd/Desktop/MADS/mads_courses/mads_demo_course/workspace_files/assignments/release/./assignment1/assignment1.ipynb
[AssignApp | INFO] Setting destination file permissions to 644
[AssignApp | INFO] Copying /Users/millergd/Desktop/MADS/mads_courses/mads_demo_course/workspace_files/assignments/source/./assignment1/assets/jupyter.png -> /Users/millergd/Desktop/MADS/mads_courses/mads_demo_course/workspace_files/assignments//tmp/release//./assignment1/assets/jupyter.png
[AssignApp | INFO] Updating/creating assignment 'assignment1': {}
[AssignApp | INFO] Converting notebook /Users/millergd/Desktop/MADS/mads_courses/mads_demo_course/workspace_files/assignments/source/./assignment1/assignment1.ipynb
[AssignApp | INFO] Writing 8847 bytes to /Users/millergd/Desktop/MADS/mads_courses/mads_demo_course/workspace_files/assignments//tmp/release//./assignment1/assignment1.ipynb
[AssignApp | INFO] Setting destination file permissions to 644
[AssignApp | INFO] Copying /Users/millergd/Desktop/MADS/mads_courses/mads_demo_course/workspace_files/assignments/source/./assignment1/assets/jupyter.png -> /Users/millergd/Desktop/MADS/mads_courses/mads_demo_course/workspace_files/assignments/tmp_release//./assignment1/assets/jupyter.png
[AssignApp | INFO] Updating/creating assignment 'assignment1': {}
[AssignApp | INFO] Converting notebook /Users/millergd/Desktop/MADS/mads_courses/mads_demo_course/workspace_files/assignments/source/./assignment1/assignment1.ipynb
[AssignApp | INFO] Writing 8847 bytes to /Users/millergd/Desktop/MADS/mads_courses/mads_demo_course/workspace_files/assignments/tmp_release//./assignment1/assignment1.ipynb
[AssignApp | INFO] Setting destination file permissions to 644
[AssignApp | INFO] Copying /Users/millergd/Desktop/MADS/mads_courses/mads_demo_course/workspace_files/assignments/source/./assignment1/assets/jupyter.png -> /Users/millergd/Desktop/MADS/mads_courses/mads_demo_course/workspace_files/assignments/tmp_release//./assignment1/assets/jupyter.png
[AssignApp | INFO] Updating/creating assignment 'assignment1': {}
[AssignApp | INFO] Converting notebook /Users/millergd/Desktop/MADS/mads_courses/mads_demo_course/workspace_files/assignments/source/./assignment1/assignment1.ipynb
[AssignApp | INFO] Writing 8130 bytes to /Users/millergd/Desktop/MADS/mads_courses/mads_demo_course/workspace_files/assignments/tmp_release//./assignment1/assignment1.ipynb
[AssignApp | INFO] Setting destination file permissions to 644
[AssignApp | INFO] Copying /Users/millergd/Desktop/MADS/mads_courses/mads_demo_course/workspace_files/assignments/source/./assignment2/assets/jupyter.png -> /Users/millergd/Desktop/MADS/mads_courses/mads_demo_course/workspace_files/assignments/tmp_release//./assignment2/assets/jupyter.png
[AssignApp | INFO] Updating/creating assignment 'assignment2': {}
[AssignApp | INFO] Converting notebook /Users/millergd/Desktop/MADS/mads_courses/mads_demo_course/workspace_files/assignments/source/./assignment2/assignment2.ipynb
[AssignApp | INFO] Writing 6483 bytes to /Users/millergd/Desktop/MADS/mads_courses/mads_demo_course/workspace_files/assignments/tmp_release//./assignment2/assignment2.ipynb
[AssignApp | INFO] Setting destination file permissions to 644
[AssignApp | INFO] Copying /Users/millergd/Desktop/MADS/mads_courses/mads_demo_course/workspace_files/assignments/source/./assignment1/assets/jupyter.png -> /Users/millergd/Desktop/MADS/mads_courses/mads_demo_course/workspace_files/assignments/release/./assignment1/assets/jupyter.png
[AssignApp | INFO] Updating/creating assignment 'assignment1': {}
[AssignApp | INFO] Converting notebook /Users/millergd/Desktop/MADS/mads_courses/mads_demo_course/workspace_files/assignments/source/./assignment1/assignment1.ipynb
[AssignApp | INFO] Writing 8130 bytes to /Users/millergd/Desktop/MADS/mads_courses/mads_demo_course/workspace_files/assignments/release/./assignment1/assignment1.ipynb
[AssignApp | INFO] Setting destination file permissions to 644
[AssignApp | INFO] Copying /Users/millergd/Desktop/MADS/mads_courses/mads_demo_course/workspace_files/assignments/source/./assignment2/assets/jupyter.png -> /Users/millergd/Desktop/MADS/mads_courses/mads_demo_course/workspace_files/assignments/release/./assignment2/assets/jupyter.png
[AssignApp | INFO] Updating/creating assignment 'assignment2': {}
[AssignApp | INFO] Converting notebook /Users/millergd/Desktop/MADS/mads_courses/mads_demo_course/workspace_files/assignments/source/./assignment2/assignment2.ipynb
[AssignApp | INFO] Writing 6483 bytes to /Users/millergd/Desktop/MADS/mads_courses/mads_demo_course/workspace_files/assignments/release/./assignment2/assignment2.ipynb
[AssignApp | INFO] Setting destination file permissions to 644
[AssignApp | WARNING] Removing existing assignment: /Users/millergd/Desktop/MADS/mads_courses/mads_demo_course/workspace_files/assignments/tmp_release/assignment1
[AssignApp | INFO] Copying /Users/millergd/Desktop/MADS/mads_courses/mads_demo_course/workspace_files/assignments/source/./assignment1/assets/jupyter.png -> /Users/millergd/Desktop/MADS/mads_courses/mads_demo_course/workspace_files/assignments/tmp_release//./assignment1/assets/jupyter.png
[AssignApp | INFO] Updating/creating assignment 'assignment1': {}
[AssignApp | INFO] Converting notebook /Users/millergd/Desktop/MADS/mads_courses/mads_demo_course/workspace_files/assignments/source/./assignment1/assignment1.ipynb
[AssignApp | INFO] Writing 8130 bytes to /Users/millergd/Desktop/MADS/mads_courses/mads_demo_course/workspace_files/assignments/tmp_release//./assignment1/assignment1.ipynb
[AssignApp | INFO] Setting destination file permissions to 644
[AssignApp | WARNING] Removing existing assignment: /Users/millergd/Desktop/MADS/mads_courses/mads_demo_course/workspace_files/assignments/tmp_release/assignment2
[AssignApp | INFO] Copying /Users/millergd/Desktop/MADS/mads_courses/mads_demo_course/workspace_files/assignments/source/./assignment2/assets/jupyter.png -> /Users/millergd/Desktop/MADS/mads_courses/mads_demo_course/workspace_files/assignments/tmp_release//./assignment2/assets/jupyter.png
[AssignApp | INFO] Updating/creating assignment 'assignment2': {}
[AssignApp | INFO] Converting notebook /Users/millergd/Desktop/MADS/mads_courses/mads_demo_course/workspace_files/assignments/source/./assignment2/assignment2.ipynb
[AssignApp | INFO] Writing 6483 bytes to /Users/millergd/Desktop/MADS/mads_courses/mads_demo_course/workspace_files/assignments/tmp_release//./assignment2/assignment2.ipynb
[AssignApp | INFO] Setting destination file permissions to 644
[AssignApp | INFO] Copying /Users/millergd/Desktop/MADS/mads_courses/mads_demo_course/workspace_files/assignments/source/./assignment1/assets/jupyter.png -> /Users/millergd/Desktop/MADS/mads_courses/mads_demo_course/workspace_files/assignments/tmp_release//./assignment1/assets/jupyter.png
[AssignApp | INFO] Updating/creating assignment 'assignment1': {}
[AssignApp | INFO] Converting notebook /Users/millergd/Desktop/MADS/mads_courses/mads_demo_course/workspace_files/assignments/source/./assignment1/assignment1.ipynb
[AssignApp | INFO] Writing 8130 bytes to /Users/millergd/Desktop/MADS/mads_courses/mads_demo_course/workspace_files/assignments/tmp_release//./assignment1/assignment1.ipynb
[AssignApp | INFO] Setting destination file permissions to 644
[AssignApp | INFO] Copying /Users/millergd/Desktop/MADS/mads_courses/mads_demo_course/workspace_files/assignments/source/./assignment2/assets/jupyter.png -> /Users/millergd/Desktop/MADS/mads_courses/mads_demo_course/workspace_files/assignments/tmp_release//./assignment2/assets/jupyter.png
[AssignApp | INFO] Updating/creating assignment 'assignment2': {}
[AssignApp | INFO] Converting notebook /Users/millergd/Desktop/MADS/mads_courses/mads_demo_course/workspace_files/assignments/source/./assignment2/assignment2.ipynb
[AssignApp | INFO] Writing 6483 bytes to /Users/millergd/Desktop/MADS/mads_courses/mads_demo_course/workspace_files/assignments/tmp_release//./assignment2/assignment2.ipynb
[AssignApp | INFO] Setting destination file permissions to 644
[AssignApp | WARNING] Removing existing assignment: /Users/millergd/Desktop/MADS/mads_courses/mads_demo_course/workspace_files/assignments/release/assignment1
[AssignApp | INFO] Copying /Users/millergd/Desktop/MADS/mads_courses/mads_demo_course/workspace_files/assignments/source/./assignment1/assets/jupyter.png -> /Users/millergd/Desktop/MADS/mads_courses/mads_demo_course/workspace_files/assignments/release/./assignment1/assets/jupyter.png
[AssignApp | INFO] Updating/creating assignment 'assignment1': {}
[AssignApp | INFO] Converting notebook /Users/millergd/Desktop/MADS/mads_courses/mads_demo_course/workspace_files/assignments/source/./assignment1/assignment1.ipynb
[AssignApp | INFO] Writing 8130 bytes to /Users/millergd/Desktop/MADS/mads_courses/mads_demo_course/workspace_files/assignments/release/./assignment1/assignment1.ipynb
[AssignApp | INFO] Setting destination file permissions to 644
[AssignApp | WARNING] Removing existing assignment: /Users/millergd/Desktop/MADS/mads_courses/mads_demo_course/workspace_files/assignments/release/assignment2
[AssignApp | INFO] Copying /Users/millergd/Desktop/MADS/mads_courses/mads_demo_course/workspace_files/assignments/source/./assignment2/assets/jupyter.png -> /Users/millergd/Desktop/MADS/mads_courses/mads_demo_course/workspace_files/assignments/release/./assignment2/assets/jupyter.png
[AssignApp | INFO] Updating/creating assignment 'assignment2': {}
[AssignApp | INFO] Converting notebook /Users/millergd/Desktop/MADS/mads_courses/mads_demo_course/workspace_files/assignments/source/./assignment2/assignment2.ipynb
[AssignApp | INFO] Writing 6483 bytes to /Users/millergd/Desktop/MADS/mads_courses/mads_demo_course/workspace_files/assignments/release/./assignment2/assignment2.ipynb
[AssignApp | INFO] Setting destination file permissions to 644
[AssignApp | WARNING] Removing existing assignment: /Users/millergd/Desktop/MADS/mads_courses/mads_demo_course/workspace_files/assignments/release/assignment1
[AssignApp | INFO] Copying /Users/millergd/Desktop/MADS/mads_courses/mads_demo_course/workspace_files/assignments/source/./assignment1/assets/jupyter.png -> /Users/millergd/Desktop/MADS/mads_courses/mads_demo_course/workspace_files/assignments/release/./assignment1/assets/jupyter.png
[AssignApp | INFO] Updating/creating assignment 'assignment1': {}
[AssignApp | INFO] Converting notebook /Users/millergd/Desktop/MADS/mads_courses/mads_demo_course/workspace_files/assignments/source/./assignment1/assignment1.ipynb
[AssignApp | INFO] Writing 8246 bytes to /Users/millergd/Desktop/MADS/mads_courses/mads_demo_course/workspace_files/assignments/release/./assignment1/assignment1.ipynb
[AssignApp | INFO] Setting destination file permissions to 644
[AssignApp | INFO] Copying /Users/millergd/Desktop/MADS/mads_courses/mads_demo_course/workspace_files/assignments/source/./assignment1/assets/jupyter.png -> /Users/millergd/Desktop/MADS/mads_courses/mads_demo_course/workspace_files/assignments/tmp_release//./assignment1/assets/jupyter.png
[AssignApp | INFO] Updating/creating assignment 'assignment1': {}
[AssignApp | INFO] Converting notebook /Users/millergd/Desktop/MADS/mads_courses/mads_demo_course/workspace_files/assignments/source/./assignment1/assignment1.ipynb
[AssignApp | INFO] Writing 8246 bytes to /Users/millergd/Desktop/MADS/mads_courses/mads_demo_course/workspace_files/assignments/tmp_release//./assignment1/assignment1.ipynb
[AssignApp | INFO] Setting destination file permissions to 644
[AssignApp | INFO] Copying /Users/millergd/Desktop/MADS/mads_courses/mads_demo_course/workspace_files/assignments/source/./assignment2/assets/jupyter.png -> /Users/millergd/Desktop/MADS/mads_courses/mads_demo_course/workspace_files/assignments/tmp_release//./assignment2/assets/jupyter.png
[AssignApp | INFO] Updating/creating assignment 'assignment2': {}
[AssignApp | INFO] Converting notebook /Users/millergd/Desktop/MADS/mads_courses/mads_demo_course/workspace_files/assignments/source/./assignment2/assignment2.ipynb
[AssignApp | INFO] Writing 6483 bytes to /Users/millergd/Desktop/MADS/mads_courses/mads_demo_course/workspace_files/assignments/tmp_release//./assignment2/assignment2.ipynb
[AssignApp | INFO] Setting destination file permissions to 644
[AssignApp | INFO] Copying /Users/millergd/Desktop/MADS/mads_courses/mads_demo_course/workspace_files/assignments/source/./assignment1/assets/jupyter.png -> /Users/millergd/Desktop/MADS/mads_courses/mads_demo_course/workspace_files/assignments/tmp_release//./assignment1/assets/jupyter.png
[AssignApp | INFO] Updating/creating assignment 'assignment1': {}
[AssignApp | INFO] Converting notebook /Users/millergd/Desktop/MADS/mads_courses/mads_demo_course/workspace_files/assignments/source/./assignment1/assignment1.ipynb
[AssignApp | INFO] Writing 8246 bytes to /Users/millergd/Desktop/MADS/mads_courses/mads_demo_course/workspace_files/assignments/tmp_release//./assignment1/assignment1.ipynb
[AssignApp | INFO] Setting destination file permissions to 644
[AssignApp | INFO] Copying /Users/millergd/Desktop/MADS/mads_courses/mads_demo_course/workspace_files/assignments/source/./assignment2/assets/jupyter.png -> /Users/millergd/Desktop/MADS/mads_courses/mads_demo_course/workspace_files/assignments/tmp_release//./assignment2/assets/jupyter.png
[AssignApp | INFO] Updating/creating assignment 'assignment2': {}
[AssignApp | INFO] Converting notebook /Users/millergd/Desktop/MADS/mads_courses/mads_demo_course/workspace_files/assignments/source/./assignment2/assignment2.ipynb
[AssignApp | INFO] Writing 6483 bytes to /Users/millergd/Desktop/MADS/mads_courses/mads_demo_course/workspace_files/assignments/tmp_release//./assignment2/assignment2.ipynb
[AssignApp | INFO] Setting destination file permissions to 644
[AssignApp | INFO] Copying /Users/millergd/Desktop/MADS/mads_courses/mads_demo_course/workspace_files/assignments/source/./assignment1/assets/jupyter.png -> /Users/millergd/Desktop/MADS/mads_courses/mads_demo_course/workspace_files/assignments/tmp_release//./assignment1/assets/jupyter.png
[AssignApp | INFO] Updating/creating assignment 'assignment1': {}
[AssignApp | INFO] Converting notebook /Users/millergd/Desktop/MADS/mads_courses/mads_demo_course/workspace_files/assignments/source/./assignment1/assignment1.ipynb
[AssignApp | INFO] Writing 8246 bytes to /Users/millergd/Desktop/MADS/mads_courses/mads_demo_course/workspace_files/assignments/tmp_release//./assignment1/assignment1.ipynb
[AssignApp | INFO] Setting destination file permissions to 644
[AssignApp | INFO] Copying /Users/millergd/Desktop/MADS/mads_courses/mads_demo_course/workspace_files/assignments/source/./assignment2/assets/jupyter.png -> /Users/millergd/Desktop/MADS/mads_courses/mads_demo_course/workspace_files/assignments/tmp_release//./assignment2/assets/jupyter.png
[AssignApp | INFO] Updating/creating assignment 'assignment2': {}
[AssignApp | INFO] Converting notebook /Users/millergd/Desktop/MADS/mads_courses/mads_demo_course/workspace_files/assignments/source/./assignment2/assignment2.ipynb
[AssignApp | INFO] Writing 6483 bytes to /Users/millergd/Desktop/MADS/mads_courses/mads_demo_course/workspace_files/assignments/tmp_release//./assignment2/assignment2.ipynb
[AssignApp | INFO] Setting destination file permissions to 644
[AssignApp | INFO] Copying /Users/millergd/Desktop/MADS/mads_courses/mads_demo_course/workspace_files/assignments/source/./assignment1/assets/jupyter.png -> /Users/millergd/Desktop/MADS/mads_courses/mads_demo_course/workspace_files/assignments/tmp_release//./assignment1/assets/jupyter.png
[AssignApp | INFO] Updating/creating assignment 'assignment1': {}
[AssignApp | INFO] Converting notebook /Users/millergd/Desktop/MADS/mads_courses/mads_demo_course/workspace_files/assignments/source/./assignment1/assignment1.ipynb
[AssignApp | INFO] Writing 8246 bytes to /Users/millergd/Desktop/MADS/mads_courses/mads_demo_course/workspace_files/assignments/tmp_release//./assignment1/assignment1.ipynb
[AssignApp | INFO] Setting destination file permissions to 644
[AssignApp | WARNING] Removing existing assignment: /Users/millergd/Desktop/MADS/mads_courses/mads_demo_course/workspace_files/assignments/release/assignment1
[AssignApp | INFO] Copying /Users/millergd/Desktop/MADS/mads_courses/mads_demo_course/workspace_files/assignments/source/./assignment1/assets/jupyter.png -> /Users/millergd/Desktop/MADS/mads_courses/mads_demo_course/workspace_files/assignments/release/./assignment1/assets/jupyter.png
[AssignApp | INFO] Updating/creating assignment 'assignment1': {}
[AssignApp | INFO] Converting notebook /Users/millergd/Desktop/MADS/mads_courses/mads_demo_course/workspace_files/assignments/source/./assignment1/assignment1.ipynb
[AssignApp | INFO] Writing 8246 bytes to /Users/millergd/Desktop/MADS/mads_courses/mads_demo_course/workspace_files/assignments/release/./assignment1/assignment1.ipynb
[AssignApp | INFO] Setting destination file permissions to 644
[AssignApp | WARNING] Removing existing assignment: /Users/millergd/Desktop/MADS/mads_courses/mads_demo_course/workspace_files/assignments/release/assignment2
[AssignApp | INFO] Copying /Users/millergd/Desktop/MADS/mads_courses/mads_demo_course/workspace_files/assignments/source/./assignment2/assets/jupyter.png -> /Users/millergd/Desktop/MADS/mads_courses/mads_demo_course/workspace_files/assignments/release/./assignment2/assets/jupyter.png
[AssignApp | INFO] Updating/creating assignment 'assignment2': {}
[AssignApp | INFO] Converting notebook /Users/millergd/Desktop/MADS/mads_courses/mads_demo_course/workspace_files/assignments/source/./assignment2/assignment2.ipynb
[AssignApp | INFO] Writing 6599 bytes to /Users/millergd/Desktop/MADS/mads_courses/mads_demo_course/workspace_files/assignments/release/./assignment2/assignment2.ipynb
[AssignApp | INFO] Setting destination file permissions to 644
